GROUP,PACKAGE,CLASS,INSTRUCTION_MISSED,INSTRUCTION_COVERED,BRANCH_MISSED,BRANCH_COVERED,LINE_MISSED,LINE_COVERED,COMPLEXITY_MISSED,COMPLEXITY_COVERED,METHOD_MISSED,METHOD_COVERED
autoservice-ws-autoorder,com.epam.ws.web.api,AutoOrderController,5,64,1,3,1,14,1,7,0,6
autoservice-ws-autoorder,com.epam.ws.web.api,BaseController,0,3,0,0,0,1,0,1,0,1
autoservice-ws-autoorder,com.epam.ws.service,AutoOrderServiceBean,4,48,2,2,2,14,2,6,0,6
autoservice-ws-autoorder,com.epam.ws.model,AutoOrder,90,24,12,0,14,11,10,7,4,7
autoservice-ws-autoorder,com.epam,Application,5,3,0,0,2,1,1,1,1,1
